#
# There is insufficient memory for the Java Runtime Environment to continue.
# Native memory allocation (mmap) failed to map 2064384 bytes for G1 virtual space
# Possible reasons:
#   The system is out of physical RAM or swap space
#   The process is running with CompressedOops enabled, and the Java Heap may be blocking the growth of the native heap
# Possible solutions:
#   Reduce memory load on the system
#   Increase physical memory or swap space
#   Check if swap backing store is full
#   Decrease Java heap size (-Xmx/-Xms)
#   Decrease number of Java threads
#   Decrease Java thread stack sizes (-Xss)
#   Set larger code cache with -XX:ReservedCodeCacheSize=
#   JVM is running with Unscaled Compressed Oops mode in which the Java heap is
#     placed in the first 4GB address space. The Java Heap base address is the
#     maximum limit for the native heap growth. Please use -XX:HeapBaseMinAddress
#     to set the Java Heap base and to place the Java Heap above 4GB virtual address.
# This output file may be truncated or incomplete.
#
#  Out of Memory Error (os_windows.cpp:3530), pid=352, tid=12236
#
# JRE version:  (18.0.2+9) (build )
# Java VM: Java HotSpot(TM) 64-Bit Server VM (18.0.2+9-61, mixed mode, sharing, tiered, compressed oops, compressed class ptrs, g1 gc, windows-amd64)
# No core dump will be written. Minidumps are not enabled by default on client versions of Windows
#

---------------  S U M M A R Y ------------

Command Line: org.jetbrains.kotlin.cli.jvm.K2JVMCompiler @D:\SW Project\EzPark Mobile clone\ezpark-mobile\node_modules\react-native-screens\android\build\20230117_13428788118691927861.compiler.options

Host: Intel(R) Core(TM) i7-1065G7 CPU @ 1.30GHz, 8 cores, 7G,  Windows 11 , 64 bit Build 22621 (10.0.22621.963)
Time: Tue Jan 17 21:42:04 2023 Sri Lanka Standard Time elapsed time: 0.081196 seconds (0d 0h 0m 0s)

---------------  T H R E A D  ---------------

Current thread (0x000001f9c28d42c0):  JavaThread "Unknown thread" [_thread_in_vm, id=12236, stack(0x0000007a0fb00000,0x0000007a0fc00000)]

Stack: [0x0000007a0fb00000,0x0000007a0fc00000]
Native frames: (J=compiled Java code, j=interpreted, Vv=VM code, C=native code)
V  [jvm.dll+0x6993ca]
V  [jvm.dll+0x7f481d]
V  [jvm.dll+0x7f612e]
V  [jvm.dll+0x7f67e3]
V  [jvm.dll+0x25cdaf]
V  [jvm.dll+0x696319]
V  [jvm.dll+0x68ae4a]
V  [jvm.dll+0x3223eb]
V  [jvm.dll+0x329dc6]
V  [jvm.dll+0x37eb08]
V  [jvm.dll+0x37ed0f]
V  [jvm.dll+0x2fa16a]
V  [jvm.dll+0x2fb1cd]
V  [jvm.dll+0x7c3450]
V  [jvm.dll+0x38be61]
V  [jvm.dll+0x7a2073]
V  [jvm.dll+0x40dc3f]
V  [jvm.dll+0x40f611]
C  [jli.dll+0x526b]
C  [ucrtbase.dll+0x29363]
C  [KERNEL32.DLL+0x126bd]
C  [ntdll.dll+0x5dfb8]


---------------  P R O C E S S  ---------------

Threads class SMR info:
_java_thread_list=0x00007ffe545ce550, length=0, elements={
}

Java Threads: ( => current thread )

Other Threads:
  0x000001f9c2934b70 WorkerThread "GC Thread#0" [stack: 0x0000007a0fc00000,0x0000007a0fd00000] [id=24948]
  0x000001f9c2983010 ConcurrentGCThread "G1 Main Marker" [stack: 0x0000007a0fd00000,0x0000007a0fe00000] [id=31940]
  0x000001f9c2985050 WorkerThread "G1 Conc#0" [stack: 0x0000007a0fe00000,0x0000007a0ff00000] [id=33484]

[error occurred during error reporting (printing all threads), id 0xc0000005, EXCEPTION_ACCESS_VIOLATION (0xc0000005) at pc=0x00007ffe53dfa707]

VM state: not at safepoint (not fully initialized)

VM Mutex/Monitor currently owned by a thread:  ([mutex/lock_event])
[0x000001f9c28cfc00] Heap_lock - owner thread: 0x000001f9c28d42c0

Heap address: 0x0000000083600000, size: 1994 MB, Compressed Oops mode: 32-bit

CDS archive(s) mapped at: [0x0000000000000000-0x0000000000000000-0x0000000000000000), size 0, SharedBaseAddress: 0x0000000800000000, ArchiveRelocationMode: 0.
Narrow klass base: 0x0000000000000000, Narrow klass shift: 0, Narrow klass range: 0x0

GC Precious Log:
 CardTable entry size: 512
 Card Set container configuration: InlinePtr #cards 5 size 8 Array Of Cards #cards 12 size 40 Howl #buckets 4 coarsen threshold 1843 Howl Bitmap #cards 512 size 80 coarsen threshold 460 Card regions per heap region 1 cards per card region 2048

Heap:
 garbage-first heap   total 0K, used 0K [0x0000000083600000, 0x0000000100000000)
  region size 1024K, 0 young (0K), 0 survivors (0K)

[error occurred during error reporting (printing heap information), id 0xc0000005, EXCEPTION_ACCESS_VIOLATION (0xc0000005) at pc=0x00007ffe541e1859]

GC Heap History (0 events):
No events

Deoptimization events (0 events):
No events

Classes loaded (0 events):
No events

Classes unloaded (0 events):
No events

Classes redefined (0 events):
No events

Internal exceptions (0 events):
No events

VM Operations (0 events):
No events

Events (1 events):
Event: 0.011 Loaded shared library C:\Program Files\Java\jdk-18.0.2\bin\java.dll


Dynamic libraries:
0x00007ff689360000 - 0x00007ff689370000 	C:\Program Files\Java\jdk-18.0.2\bin\java.exe
0x00007ffec87f0000 - 0x00007ffec8a04000 	C:\WINDOWS\SYSTEM32\ntdll.dll
0x00007ffec7060000 - 0x00007ffec7123000 	C:\WINDOWS\System32\KERNEL32.DLL
0x00007ffec5d30000 - 0x00007ffec60cd000 	C:\WINDOWS\System32\KERNELBASE.dll
0x00007ffec6270000 - 0x00007ffec6381000 	C:\WINDOWS\System32\ucrtbase.dll
0x00007ffea0270000 - 0x00007ffea028a000 	C:\Program Files\Java\jdk-18.0.2\bin\VCRUNTIME140.dll
0x00007ffe9f7c0000 - 0x00007ffe9f7d8000 	C:\Program Files\Java\jdk-18.0.2\bin\jli.dll
0x00007ffec6660000 - 0x00007ffec670e000 	C:\WINDOWS\System32\ADVAPI32.dll
0x00007ffec73b0000 - 0x00007ffec7457000 	C:\WINDOWS\System32\msvcrt.dll
0x00007ffec7130000 - 0x00007ffec71d4000 	C:\WINDOWS\System32\sechost.dll
0x00007ffec7460000 - 0x00007ffec7575000 	C:\WINDOWS\System32\RPCRT4.dll
0x00007ffec71f0000 - 0x00007ffec739d000 	C:\WINDOWS\System32\USER32.dll
0x00007ffec6240000 - 0x00007ffec6266000 	C:\WINDOWS\System32\win32u.dll
0x00007ffec7610000 - 0x00007ffec7639000 	C:\WINDOWS\System32\GDI32.dll
0x00007ffec5c10000 - 0x00007ffec5d22000 	C:\WINDOWS\System32\gdi32full.dll
0x00007ffeaed80000 - 0x00007ffeaf00e000 	C:\WINDOWS\WinSxS\amd64_microsoft.windows.common-controls_6595b64144ccf1df_6.0.22621.608_none_a9444ca7c10bb01d\COMCTL32.dll
0x00007ffec6390000 - 0x00007ffec642a000 	C:\WINDOWS\System32\msvcp_win.dll
0x00007ffec0120000 - 0x00007ffec012a000 	C:\WINDOWS\SYSTEM32\VERSION.dll
0x00007ffec7e50000 - 0x00007ffec7e82000 	C:\WINDOWS\System32\IMM32.DLL
0x00007ffeb0480000 - 0x00007ffeb048c000 	C:\Program Files\Java\jdk-18.0.2\bin\vcruntime140_1.dll
0x00007ffe86870000 - 0x00007ffe868fd000 	C:\Program Files\Java\jdk-18.0.2\bin\msvcp140.dll
0x00007ffe53af0000 - 0x00007ffe54701000 	C:\Program Files\Java\jdk-18.0.2\bin\server\jvm.dll
0x00007ffec71e0000 - 0x00007ffec71e8000 	C:\WINDOWS\System32\PSAPI.DLL
0x00007ffec12b0000 - 0x00007ffec12b9000 	C:\WINDOWS\SYSTEM32\WSOCK32.dll
0x00007ffec65e0000 - 0x00007ffec6651000 	C:\WINDOWS\System32\WS2_32.dll
0x00007ffebc3d0000 - 0x00007ffebc404000 	C:\WINDOWS\SYSTEM32\WINMM.dll
0x00007ffec4c70000 - 0x00007ffec4c88000 	C:\WINDOWS\SYSTEM32\kernel.appcore.dll
0x00007ffeaae10000 - 0x00007ffeaae1a000 	C:\Program Files\Java\jdk-18.0.2\bin\jimage.dll
0x00007ffec37e0000 - 0x00007ffec3a0e000 	C:\WINDOWS\SYSTEM32\DBGHELP.DLL
0x00007ffec6af0000 - 0x00007ffec6e7a000 	C:\WINDOWS\System32\combase.dll
0x00007ffec6f80000 - 0x00007ffec7057000 	C:\WINDOWS\System32\OLEAUT32.dll
0x00007ffeb03f0000 - 0x00007ffeb0422000 	C:\WINDOWS\SYSTEM32\dbgcore.DLL
0x00007ffec6430000 - 0x00007ffec64ab000 	C:\WINDOWS\System32\bcryptPrimitives.dll
0x00007ffe9d280000 - 0x00007ffe9d2a5000 	C:\Program Files\Java\jdk-18.0.2\bin\java.dll

dbghelp: loaded successfully - version: 4.0.5 - missing functions: none
symbol engine: initialized successfully - sym options: 0x614 - pdb path: .;C:\Program Files\Java\jdk-18.0.2\bin;C:\WINDOWS\SYSTEM32;C:\WINDOWS\WinSxS\amd64_microsoft.windows.common-controls_6595b64144ccf1df_6.0.22621.608_none_a9444ca7c10bb01d;C:\Program Files\Java\jdk-18.0.2\bin\server

VM Arguments:
java_command: org.jetbrains.kotlin.cli.jvm.K2JVMCompiler @D:\SW Project\EzPark Mobile clone\ezpark-mobile\node_modules\react-native-screens\android\build\20230117_13428788118691927861.compiler.options
java_class_path (initial): C:\Users\hp\.gradle\caches\modules-2\files-2.1\org.jetbrains.kotlin\kotlin-compiler-embeddable\1.6.21\97bdd5a752ce73b58ef16c17bc7f0ea2faff7a2e\kotlin-compiler-embeddable-1.6.21.jar;C:\Users\hp\.gradle\caches\modules-2\files-2.1\org.jetbrains.kotlin\kotlin-reflect\1.6.21\5dc3574d9b7bebfcb4ec6b10ada4aaa9e140bd0b\kotlin-reflect-1.6.21.jar;C:\Users\hp\.gradle\caches\modules-2\files-2.1\org.jetbrains.kotlin\kotlin-stdlib\1.6.21\11ef67f1900634fd951bad28c53ec957fabbe5b8\kotlin-stdlib-1.6.21.jar;C:\Users\hp\.gradle\caches\modules-2\files-2.1\org.jetbrains.kotlin\kotlin-script-runtime\1.6.21\99c6675100da5d6d5b1c5a1032f27f28008d101b\kotlin-script-runtime-1.6.21.jar;C:\Users\hp\.gradle\caches\modules-2\files-2.1\org.jetbrains.kotlin\kotlin-daemon-embeddable\1.6.21\46b78cf392e1c4f10854c3cadba44abb7b82250f\kotlin-daemon-embeddable-1.6.21.jar;C:\Users\hp\.gradle\caches\modules-2\files-2.1\org.jetbrains.intellij.deps\trove4j\1.0.20200330\3afb14d5f9ceb459d724e907a21145e8ff394f02\trove4j-1.0.20200330.jar;C:\Users\hp\.gradle\caches\modules-2\files-2.1\net.java.dev.jna\jna\5.6.0\330f2244e9030119ab3030fc3fededc86713d9cc\jna-5.6.0.jar;C:\Users\hp\.gradle\caches\modules-2\files-2.1\org.jetbrains.kotlin\kotlin-stdlib-common\1.6.21\5e5b55c26dbc80372a920aef60eb774b714559b8\kotlin-stdlib-common-1.6.21.jar;C:\Users\hp\.gradle\caches\modules-2\files-2.1\org.jetbrains\annotations\13.0\919f0dfe192fb4e063e7dacadee7f8bb9a2672a9\annotations-13.0.jar
Launcher Type: SUN_STANDARD

[Global flags]
     intx CICompilerCount                          = 4                                         {product} {ergonomic}
     uint ConcGCThreads                            = 2                                         {product} {ergonomic}
     uint G1ConcRefinementThreads                  = 8                                         {product} {ergonomic}
   size_t G1HeapRegionSize                         = 1048576                                   {product} {ergonomic}
    uintx GCDrainStackTargetSize                   = 64                                        {product} {ergonomic}
   size_t InitialHeapSize                          = 132120576                                 {product} {ergonomic}
   size_t MarkStackSize                            = 4194304                                   {product} {ergonomic}
   size_t MaxHeapSize                              = 2090860544                                {product} {ergonomic}
   size_t MinHeapDeltaBytes                        = 1048576                                   {product} {ergonomic}
   size_t MinHeapSize                              = 8388608                                   {product} {ergonomic}
    uintx NonNMethodCodeHeapSize                   = 5839372                                {pd product} {ergonomic}
    uintx NonProfiledCodeHeapSize                  = 122909434                              {pd product} {ergonomic}
    uintx ProfiledCodeHeapSize                     = 122909434                              {pd product} {ergonomic}
    uintx ReservedCodeCacheSize                    = 251658240                              {pd product} {ergonomic}
     bool SegmentedCodeCache                       = true                                      {product} {ergonomic}
   size_t SoftMaxHeapSize                          = 2090860544                             {manageable} {ergonomic}
     bool UseCompressedClassPointers               = true                           {product lp64_product} {ergonomic}
     bool UseCompressedOops                        = true                           {product lp64_product} {ergonomic}
     bool UseG1GC                                  = true                                      {product} {ergonomic}
     bool UseLargePagesIndividualAllocation        = false                                  {pd product} {ergonomic}

Logging:
Log output configuration:
 #0: stdout all=warning uptime,level,tags foldmultilines=false
 #1: stderr all=off uptime,level,tags foldmultilines=false

Environment Variables:
CLASSPATH=D:\SW Project\EzPark Mobile clone\ezpark-mobile\android\\gradle\wrapper\gradle-wrapper.jar
PATH=D:\SW Project\EzPark Mobile clone\ezpark-mobile\android\node_modules\.bin;D:\SW Project\EzPark Mobile clone\ezpark-mobile\node_modules\.bin;D:\SW Project\EzPark Mobile clone\node_modules\.bin;D:\SW Project\node_modules\.bin;D:\node_modules\.bin;D:\SW Project\Program Files;D:\SW Project\EzPark Mobile clone\ezpark-mobile\node_modules\.bin;D:\SW Project\EzPark Mobile clone\ezpark-mobile\node_modules\.bin;D:\SW Project\EzPark Mobile clone\node_modules\.bin;D:\SW Project\node_modules\.bin;D:\node_modules\.bin;D:\SW Project\Program Files\node_modules\npm\node_modules\@npmcli\run-script\lib\node-gyp-bin;C:\Program Files\Common Files\Oracle\Java\javapath;C:\windows\system32;C:\windows;C:\windows\System32\Wbem;C:\windows\System32\WindowsPowerShell\v1.0\;C:\windows\System32\OpenSSH\;C:\Program Files (x86)\NVIDIA Corporation\PhysX\Common;C:\Program Files\NVIDIA Corporation\NVIDIA NvDLISR;C:\WINDOWS\system32;C:\WINDOWS;C:\WINDOWS\System32\Wbem;C:\WINDOWS\System32\WindowsPowerShell\v1.0\;C:\WINDOWS\System32\OpenSSH\;C:\Program Files\Microsoft SQL Server\Client SDK\ODBC\170\Tools\Binn\;C:\Program Files (x86)\Microsoft SQL Server\150\Tools\Binn\;C:\Program Files\Microsoft SQL Server\150\Tools\Binn\;C:\Program Files\Microsoft SQL Server\150\DTS\Binn\;D:\Programs\Git\Git\cmd;D:\SW Project\Program Files\;C:\Gradle\gradle-7.6\bin;C:\Program Files\MySQL\MySQL Shell 8.0\bin\;C:\Users\hp\AppData\Local\Programs\Python\Python310\Scripts\;C:\Users\hp\AppData\Local\Programs\Python\Python310\;C:\Users\hp\AppData\Local\Microsoft\WindowsApps;C:\Program Files\CodeBlocks\MinGW\bin;C:\Program Files\JetBrains\CLion 2021.2.2\bin;;C:\Users\hp\AppData\Local\Programs\Microsoft VS Code\bin;C:\Program Files\JetBrains\IntelliJ IDEA 2022.2\bin;;C:\Program Files\Azure Data Studio\bin;C:\Users\hp\AppData\Roaming\npm;C:\Users\hp\AppData\Local\Android\Sdk\platform-tools;C:\Users\hp\AppData\Local\GitHubDesktop\bin
USERNAME=hp
LANG=en_US.UTF-8
OS=Windows_NT
PROCESSOR_IDENTIFIER=Intel64 Family 6 Model 126 Stepping 5, GenuineIntel



---------------  S Y S T E M  ---------------

OS:
 Windows 11 , 64 bit Build 22621 (10.0.22621.963)
OS uptime: 8 days 5:28 hours

CPU: total 8 (initial active 8) (4 cores per cpu, 2 threads per core) family 6 model 126 stepping 5 microcode 0xa6, cx8, cmov, fxsr, ht, mmx, 3dnowpref, sse, sse2, sse3, ssse3, sse4.1, sse4.2, popcnt, lzcnt, tsc, tscinvbit, avx, avx2, aes, erms, clmul, bmi1, bmi2, adx, avx512f, avx512dq, avx512cd, avx512bw, avx512vl, sha, fma, vzeroupper, avx512_vpopcntdq, avx512_vpclmulqdq, avx512_vaes, avx512_vnni, clflush, clflushopt, avx512_vbmi2, avx512_vbmi

Memory: 4k page, system-wide physical 7969M (180M free)
TotalPageFile size 22133M (AvailPageFile size 5M)
current process WorkingSet (physical memory assigned to process): 11M, peak: 11M
current process commit charge ("private bytes"): 189M, peak: 190M

vm_info: Java HotSpot(TM) 64-Bit Server VM (18.0.2+9-61) for windows-amd64 JRE (18.0.2+9-61), built on Jun  7 2022 13:09:01 by "mach5one" with MS VC++ 16.8 / 16.9 (VS2019)

END.
